<?xml version="1.0" encoding="UTF-8"?>
<!-- Generated by org.testng.reporters.JUnitReportReporter -->
<testsuite hostname="CS-075-LT-WS" name="com.testdroid.TestCases.TestdroidTest" tests="2" failures="0" timestamp="28 Jan 2018 10:27:24 GMT" time="1.695" errors="0">
  <testcase name="test" time="0.016" classname="com.testdroid.TestCases.TestdroidTest"/>
  <testcase name="click" time="1.679" classname="com.testdroid.TestCases.TestdroidTest"/>
</testsuite> <!-- com.testdroid.TestCases.TestdroidTest -->
