<?xml version="1.0" encoding="UTF-8"?>
<!-- Generated by org.testng.reporters.JUnitReportReporter -->
<testsuite hostname="CS-075-LT-WS" name="com.circlesLife.TestCases.CirclesLifeAutomationTestCases" tests="3" failures="0" timestamp="18 May 2018 01:53:28 GMT" time="14.897" errors="0">
  <testcase name="loginToCirclesLifeWebsite" time="10.414" classname="com.circlesLife.TestCases.CirclesLifeAutomationTestCases"/>
  <testcase name="verifyWebsiteLaunch" time="0.127" classname="com.circlesLife.TestCases.CirclesLifeAutomationTestCases"/>
  <testcase name="verifyUserNameInMyAccountPage" time="4.356" classname="com.circlesLife.TestCases.CirclesLifeAutomationTestCases"/>
</testsuite> <!-- com.circlesLife.TestCases.CirclesLifeAutomationTestCases -->
