<?xml version="1.0" encoding="UTF-8"?>
<!-- Generated by org.testng.reporters.JUnitReportReporter -->
<testsuite hostname="CS-075-LT-WS" name="com.circlesLife.TestCases.CirclesLifeAutomationTestCases" tests="2" failures="0" timestamp="17 May 2018 11:50:55 GMT" time="5.873" errors="0">
  <testcase name="verifyWebsiteLaunch" time="0.112" classname="com.circlesLife.TestCases.CirclesLifeAutomationTestCases"/>
  <testcase name="loginToCirclesLifeWebsite" time="5.761" classname="com.circlesLife.TestCases.CirclesLifeAutomationTestCases"/>
</testsuite> <!-- com.circlesLife.TestCases.CirclesLifeAutomationTestCases -->
